{
  "RSpec": {
    "coverage": {
      "/home/donga/projects/ruby-rails/portfolio/spec/controllers/projects_controller_spec.rb": [
        1,
        null,
        1,
        null,
        1,
        1,
        1,
        0,
        null,
        null,
        null,
        1,
        1,
        1,
        0,
        null,
        null,
        null,
        1,
        1,
        1,
        0,
        null,
        null,
        null,
        null
      ],
      "/home/donga/projects/ruby-rails/portfolio/spec/rails_helper.rb": [
        null,
        1,
        1,
        null,
        1,
        1,
        1,
        1,
        null,
        null,
        null,
        null,
        null,
        null,
        null,
        null,
        null,
        null,
        null,
        null,
        null,
        null,
        null,
        null,
        null,
        null,
        null,
        1,
        null,
        1,
        null,
        1,
        1,
        null,
        null,
        null,
        null,
        1,
        null,
        null,
        null,
        null,
        null,
        null,
        null,
        null,
        null,
        null,
        null,
        null,
        null,
        null,
        1,
        null,
        null,
        1,
        null,
        null,
        null,
        1,
        1,
        1,
        1,
        null,
        null
      ],
      "/home/donga/projects/ruby-rails/portfolio/config/environment.rb": [
        null,
        1,
        null,
        null,
        1
      ],
      "/home/donga/projects/ruby-rails/portfolio/config/application.rb": [
        1,
        null,
        1,
        null,
        1,
        1,
        1,
        1,
        1,
        1,
        1,
        1,
        null,
        null,
        null,
        null,
        1,
        null,
        1,
        1,
        null,
        null,
        null,
        null,
        null
      ],
      "/home/donga/projects/ruby-rails/portfolio/config/boot.rb": [
        1,
        null,
        1
      ],
      "/home/donga/projects/ruby-rails/portfolio/config/environments/test.rb": [
        1,
        null,
        null,
        null,
        null,
        null,
        null,
        1,
        null,
        null,
        null,
        null,
        1,
        null,
        null,
        1,
        1,
        null,
        null,
        null,
        null,
        1,
        1,
        null,
        null,
        1,
        null,
        null,
        1,
        1,
        null,
        null,
        null,
        null,
        1,
        null,
        null,
        1,
        null,
        null,
        null,
        null
      ],
      "/home/donga/projects/ruby-rails/portfolio/config/initializers/application_controller_renderer.rb": [
        null,
        null,
        null,
        null,
        null,
        null
      ],
      "/home/donga/projects/ruby-rails/portfolio/config/initializers/assets.rb": [
        null,
        null,
        null,
        1,
        null,
        null,
        null,
        null,
        null,
        null,
        null
      ],
      "/home/donga/projects/ruby-rails/portfolio/config/initializers/backtrace_silencers.rb": [
        null,
        null,
        null,
        null,
        null,
        null,
        null
      ],
      "/home/donga/projects/ruby-rails/portfolio/config/initializers/cookies_serializer.rb": [
        null,
        null,
        null,
        null,
        1
      ],
      "/home/donga/projects/ruby-rails/portfolio/config/initializers/filter_parameter_logging.rb": [
        null,
        null,
        null,
        1
      ],
      "/home/donga/projects/ruby-rails/portfolio/config/initializers/inflections.rb": [
        null,
        null,
        null,
        null,
        null,
        null,
        null,
        null,
        null,
        null,
        null,
        null,
        null,
        null,
        null,
        null
      ],
      "/home/donga/projects/ruby-rails/portfolio/config/initializers/mime_types.rb": [
        null,
        null,
        null,
        null
      ],
      "/home/donga/projects/ruby-rails/portfolio/config/initializers/new_framework_defaults.rb": [
        null,
        null,
        null,
        null,
        null,
        null,
        null,
        1,
        null,
        null,
        1,
        null,
        null,
        null,
        1,
        null,
        null,
        1,
        null,
        null,
        1,
        null,
        null,
        1
      ],
      "/home/donga/projects/ruby-rails/portfolio/config/initializers/session_store.rb": [
        null,
        null,
        1
      ],
      "/home/donga/projects/ruby-rails/portfolio/config/initializers/wrap_parameters.rb": [
        null,
        null,
        null,
        null,
        null,
        null,
        1,
        2,
        null,
        null,
        null,
        null,
        null,
        null
      ],
      "/home/donga/projects/ruby-rails/portfolio/config/routes.rb": [
        1,
        null,
        1,
        null,
        1,
        null,
        1,
        null,
        1,
        null,
        1,
        null,
        1,
        null,
        1,
        1,
        null,
        null
      ],
      "/home/donga/projects/ruby-rails/portfolio/app/controllers/application_controller.rb": [
        1,
        1,
        null,
        null,
        1,
        null,
        1,
        null,
        null,
        null,
        1,
        null,
        1,
        0,
        null,
        null,
        1,
        0,
        0,
        0,
        null,
        null,
        null
      ],
      "/home/donga/projects/ruby-rails/portfolio/app/helpers/application_helper.rb": [
        1,
        null
      ],
      "/home/donga/projects/ruby-rails/portfolio/app/helpers/projects_helper.rb": [
        1,
        null
      ],
      "/home/donga/projects/ruby-rails/portfolio/app/helpers/sessions_helper.rb": [
        1,
        null
      ],
      "/home/donga/projects/ruby-rails/portfolio/app/helpers/skills_helper.rb": [
        1,
        null
      ],
      "/home/donga/projects/ruby-rails/portfolio/app/helpers/users_helper.rb": [
        1,
        null
      ],
      "/home/donga/projects/ruby-rails/portfolio/app/channels/application_cable/channel.rb": [
        1,
        1,
        null,
        null
      ],
      "/home/donga/projects/ruby-rails/portfolio/app/channels/application_cable/connection.rb": [
        1,
        1,
        null,
        null
      ],
      "/home/donga/projects/ruby-rails/portfolio/app/controllers/projects_controller.rb": [
        1,
        1,
        0,
        null,
        null,
        1,
        0,
        0,
        null,
        null,
        1,
        0,
        0,
        0,
        0,
        null,
        0,
        null,
        null,
        null,
        1,
        0,
        0,
        null,
        null,
        1,
        0,
        0,
        0,
        0,
        null,
        0,
        null,
        null,
        null,
        1,
        0,
        0,
        0,
        0,
        null,
        null,
        1,
        1,
        0,
        null,
        null
      ],
      "/home/donga/projects/ruby-rails/portfolio/app/controllers/sessions_controller.rb": [
        1,
        1,
        null,
        null,
        1,
        0,
        null,
        0,
        0,
        0,
        0,
        null,
        0,
        0,
        null,
        null,
        null,
        1,
        null,
        0,
        null,
        0,
        null,
        0,
        null,
        null,
        null
      ],
      "/home/donga/projects/ruby-rails/portfolio/app/controllers/skills_controller.rb": [
        1,
        1,
        1,
        1,
        null,
        null,
        1,
        0,
        null,
        null,
        1,
        1,
        null,
        null,
        1,
        1,
        null,
        null,
        1,
        0,
        0,
        0,
        null,
        0,
        null,
        null,
        null,
        1,
        0,
        null,
        null,
        1,
        0,
        0,
        0,
        null,
        0,
        null,
        null,
        null,
        1,
        0,
        0,
        0,
        null,
        1,
        1,
        0,
        null,
        null
      ],
      "/home/donga/projects/ruby-rails/portfolio/app/controllers/users_controller.rb": [
        1,
        null,
        1,
        1,
        null,
        null,
        1,
        0,
        0,
        null,
        0,
        0,
        0,
        null,
        null,
        null,
        0,
        null,
        0,
        null,
        null,
        null,
        null,
        null,
        1,
        null,
        1,
        0,
        null,
        null
      ],
      "/home/donga/projects/ruby-rails/portfolio/app/jobs/application_job.rb": [
        1,
        null
      ],
      "/home/donga/projects/ruby-rails/portfolio/app/mailers/application_mailer.rb": [
        1,
        1,
        1,
        null
      ],
      "/home/donga/projects/ruby-rails/portfolio/app/models/application_record.rb": [
        1,
        1,
        null
      ],
      "/home/donga/projects/ruby-rails/portfolio/app/models/project.rb": [
        1,
        1,
        1,
        1,
        1,
        null
      ],
      "/home/donga/projects/ruby-rails/portfolio/app/models/skill.rb": [
        1,
        1,
        1,
        null
      ],
      "/home/donga/projects/ruby-rails/portfolio/app/models/user.rb": [
        1,
        null,
        1,
        1,
        null,
        1,
        1,
        1,
        1,
        null,
        1,
        null,
        null,
        null,
        null,
        null,
        null,
        1,
        0,
        null,
        0,
        null,
        0,
        null,
        null,
        null,
        null,
        null,
        null,
        null,
        null,
        1,
        null,
        4,
        null,
        4,
        null,
        null,
        null,
        null,
        null
      ],
      "/home/donga/projects/ruby-rails/portfolio/spec/factories/skill.rb": [
        1,
        1,
        null,
        1,
        null,
        null,
        null
      ],
      "/home/donga/projects/ruby-rails/portfolio/spec/factories/user.rb": [
        1,
        1,
        1,
        1,
        1,
        null,
        null
      ],
      "/home/donga/projects/ruby-rails/portfolio/spec/controllers/sessions_controller_spec.rb": [
        1,
        null,
        1,
        null,
        1,
        1,
        1,
        1,
        null,
        null,
        null,
        null
      ],
      "/home/donga/projects/ruby-rails/portfolio/spec/controllers/skills_controller_spec.rb": [
        1,
        null,
        1,
        null,
        1,
        1,
        1,
        1,
        null,
        null,
        null,
        1,
        1,
        1,
        0,
        null,
        null,
        null,
        1,
        1,
        1,
        1,
        null,
        null,
        null,
        1,
        1,
        1,
        0,
        null,
        null,
        null,
        null
      ],
      "/home/donga/projects/ruby-rails/portfolio/spec/controllers/users_controller_spec.rb": [
        1,
        null,
        1,
        null,
        1,
        1,
        1,
        1,
        null,
        null,
        null,
        null
      ],
      "/home/donga/projects/ruby-rails/portfolio/spec/features/add_skills_spec.rb": [
        1,
        null,
        1,
        null,
        1,
        null,
        1,
        null,
        1,
        null,
        1,
        null,
        null
      ],
      "/home/donga/projects/ruby-rails/portfolio/spec/helpers/projects_helper_spec.rb": [
        1,
        null,
        null,
        null,
        null,
        null,
        null,
        null,
        null,
        null,
        null,
        null,
        1,
        1,
        null
      ],
      "/home/donga/projects/ruby-rails/portfolio/spec/helpers/sessions_helper_spec.rb": [
        1,
        null,
        null,
        null,
        null,
        null,
        null,
        null,
        null,
        null,
        null,
        null,
        1,
        1,
        null
      ],
      "/home/donga/projects/ruby-rails/portfolio/spec/helpers/skills_helper_spec.rb": [
        1,
        null,
        null,
        null,
        null,
        null,
        null,
        null,
        null,
        null,
        null,
        null,
        1,
        1,
        null
      ],
      "/home/donga/projects/ruby-rails/portfolio/spec/helpers/users_helper_spec.rb": [
        1,
        null,
        null,
        null,
        null,
        null,
        null,
        null,
        null,
        null,
        null,
        null,
        1,
        1,
        null
      ],
      "/home/donga/projects/ruby-rails/portfolio/spec/models/project_spec.rb": [
        1,
        null,
        1,
        2,
        2,
        2,
        2,
        null
      ],
      "/home/donga/projects/ruby-rails/portfolio/spec/models/skill_spec.rb": [
        1,
        null,
        1,
        2,
        2,
        null
      ],
      "/home/donga/projects/ruby-rails/portfolio/spec/models/user_spec.rb": [
        1,
        null,
        1,
        1,
        7,
        null,
        null,
        2,
        2,
        2,
        null,
        null,
        2,
        2,
        null,
        null,
        2,
        2,
        null,
        null,
        null,
        null,
        null,
        null,
        null,
        null,
        null,
        null
      ],
      "/home/donga/projects/ruby-rails/portfolio/spec/views/projects/edit.html.erb_spec.rb": [
        1,
        null,
        1,
        1,
        null
      ],
      "/home/donga/projects/ruby-rails/portfolio/spec/views/projects/new.html.erb_spec.rb": [
        1,
        null,
        1,
        1,
        null
      ],
      "/home/donga/projects/ruby-rails/portfolio/spec/views/projects/show.html.erb_spec.rb": [
        1,
        null,
        1,
        1,
        null
      ],
      "/home/donga/projects/ruby-rails/portfolio/spec/views/sessions/new.html.erb_spec.rb": [
        1,
        null,
        1,
        1,
        null
      ],
      "/home/donga/projects/ruby-rails/portfolio/spec/views/skills/edit.html.erb_spec.rb": [
        1,
        null,
        1,
        1,
        null
      ],
      "/home/donga/projects/ruby-rails/portfolio/spec/views/skills/index.html.erb_spec.rb": [
        1,
        null,
        1,
        1,
        null
      ],
      "/home/donga/projects/ruby-rails/portfolio/spec/views/skills/new.html.erb_spec.rb": [
        1,
        null,
        1,
        1,
        null
      ],
      "/home/donga/projects/ruby-rails/portfolio/spec/views/skills/show.html.erb_spec.rb": [
        1,
        null,
        1,
        1,
        null
      ],
      "/home/donga/projects/ruby-rails/portfolio/spec/views/users/new.html.erb_spec.rb": [
        1,
        null,
        1,
        1,
        null
      ]
    },
    "timestamp": 1490780121
  }
}
